<?xml version="1.0" encoding="UTF-8"?>
<testng-results skipped="0" failed="0" ignored="0" total="2" passed="2">
  <reporter-output>
  </reporter-output>
  <suite name="com.Maven.AppTest" duration-ms="120" started-at="2021-10-28T12:50:36 IST" finished-at="2021-10-28T12:50:36 IST">
    <groups>
    </groups>
    <test name="Command line test" duration-ms="120" started-at="2021-10-28T12:50:36 IST" finished-at="2021-10-28T12:50:36 IST">
      <class name="com.Maven.AppTest">
        <test-method status="PASS" signature="testlogin1()[pri:0, instance:com.Maven.AppTest@63753b6d]" name="testlogin1" duration-ms="23" started-at="2021-10-28T12:50:36 IST" finished-at="2021-10-28T12:50:36 IST">
          <reporter-output>
          </reporter-output>
        </test-method> <!-- testlogin1 -->
        <test-method status="PASS" signature="testlogin2()[pri:0, instance:com.Maven.AppTest@63753b6d]" name="testlogin2" duration-ms="1" started-at="2021-10-28T12:50:36 IST" finished-at="2021-10-28T12:50:36 IST">
          <reporter-output>
          </reporter-output>
        </test-method> <!-- testlogin2 -->
      </class> <!-- com.Maven.AppTest -->
    </test> <!-- Command line test -->
  </suite> <!-- com.Maven.AppTest -->
</testng-results>
